 COMMENT:  % VAST Version 0.511 (Bobby's Dongle (Bobby & Ramon) 2) (Nov 26 2012) | Extended segmentation color file for C:\Users\Hyuno\Desktop\combinedjose15.vss

 COMMENT:  % Columns: Nr  flags  red1 green1 blue1 pattern1  red2 green2 blue2 pattern2  anchorx anchory anchorz  parentnr childnr prevnr nextnr   collapsednr   bboxx1 bboxy1 bboxz1 bboxx2 bboxy2 bboxz2   "name"

 COMMENT:  % flags: Bit 0: isused, Bit 8: expanded, Bits 16,17: selected (1: selected, 2: in child group of selected)

 COMMENT:  % VAST (c) 2011 by Daniel Berger

Other line 

Skipping id  0
{'annid': 1,
 'author': 'Kasthuri,N.',
 'confidence': 0.0,
 'kvpairs': {'sourceDescription': 'Sogolow 55', 'sourceId': '1'},
 'status': 0}
http://localhost/annotate/88kat11jose88/
Traceback (most recent call last):
  File "loadramon.py", line 107, in <module>
    main()
  File "loadramon.py", line 99, in main
    storeSegment ( result.baseurl, fields, result.token )
  File "loadramon.py", line 66, in storeSegment
    req = urllib2.Request ( url, h5anno.fileReader()) 
AttributeError: H5Annotation instance has no attribute 'fileReader'
